<?xml version="1.0" encoding="UTF-8"?>
<testng-results ignored="0" total="1" passed="1" failed="0" skipped="0">
  <reporter-output>
  </reporter-output>
  <suite started-at="2022-05-10T21:17:37 IST" name="Suite" finished-at="2022-05-10T21:17:47 IST" duration-ms="10604">
    <groups>
    </groups>
    <test started-at="2022-05-10T21:17:37 IST" name="Test" finished-at="2022-05-10T21:17:47 IST" duration-ms="10604">
      <class name="com.mvnseliniumproj.LoginFunctionality">
        <test-method is-config="true" signature="beforeMethod()[pri:0, instance:com.mvnseliniumproj.LoginFunctionality@1613674b]" started-at="2022-05-10T21:17:37 IST" name="beforeMethod" finished-at="2022-05-10T21:17:45 IST" duration-ms="7735" status="PASS">
          <reporter-output>
          </reporter-output>
        </test-method> <!-- beforeMethod -->
        <test-method signature="tc02_verifyLoginFunctionality_POM_PF()[pri:0, instance:com.mvnseliniumproj.LoginFunctionality@1613674b]" started-at="2022-05-10T21:17:45 IST" name="tc02_verifyLoginFunctionality_POM_PF" finished-at="2022-05-10T21:17:47 IST" duration-ms="2651" status="PASS">
          <reporter-output>
          </reporter-output>
        </test-method> <!-- tc02_verifyLoginFunctionality_POM_PF -->
        <test-method is-config="true" signature="aftermethod()[pri:0, instance:com.mvnseliniumproj.LoginFunctionality@1613674b]" started-at="2022-05-10T21:17:47 IST" name="aftermethod" finished-at="2022-05-10T21:17:47 IST" duration-ms="189" status="PASS">
          <reporter-output>
          </reporter-output>
        </test-method> <!-- aftermethod -->
      </class> <!-- com.mvnseliniumproj.LoginFunctionality -->
    </test> <!-- Test -->
  </suite> <!-- Suite -->
</testng-results>
